This file contains any messages produced by compilers while
running configure, to aid debugging if configure makes a mistake.

It was created by g6k-kernel configure 0.1.2, which was
generated by GNU Autoconf 2.71.  Invocation command line was

  $ ./configure

## --------- ##
## Platform. ##
## --------- ##

hostname = cqx
uname -m = x86_64
uname -r = 5.10.16.3-microsoft-standard-WSL2
uname -s = Linux
uname -v = #1 SMP Fri Apr 2 22:23:49 UTC 2021

/usr/bin/uname -p = x86_64
/bin/uname -X     = unknown

/bin/arch              = x86_64
/usr/bin/arch -k       = unknown
/usr/convex/getsysinfo = unknown
/usr/bin/hostinfo      = unknown
/bin/machine           = unknown
/usr/bin/oslevel       = unknown
/bin/universe          = unknown

PATH: /mnt/d/Desktop/g6k/g6k-env/bin/
PATH: /mnt/d/Desktop/g6k/g6k-env/bin/
PATH: /home/qian/.local/bin/
PATH: /usr/local/sbin/
PATH: /usr/local/bin/
PATH: /usr/sbin/
PATH: /usr/bin/
PATH: /sbin/
PATH: /bin/
PATH: /usr/games/
PATH: /usr/local/games/
PATH: /usr/lib/wsl/lib/
PATH: /mnt/d/texlive/2020/bin/win32/
PATH: /mnt/c/Program Files (x86)/Common Files/Oracle/Java/javapath/
PATH: /mnt/c/Program Files (x86)/Intel/iCLS Client/
PATH: /mnt/c/Program Files/Intel/iCLS Client/
PATH: /mnt/c/WINDOWS/system32/
PATH: /mnt/c/WINDOWS/
PATH: /mnt/c/WINDOWS/System32/Wbem/
PATH: /mnt/c/WINDOWS/System32/WindowsPowerShell/v1.0/
PATH: /mnt/c/WINDOWS/System32/OpenSSH/
PATH: /mnt/c/Program Files (x86)/Intel/Intel(R) Management Engine Components/DAL/
PATH: /mnt/c/Program Files/Intel/Intel(R) Management Engine Components/DAL/
PATH: /mnt/c/Program Files (x86)/Intel/Intel(R) Management Engine Components/IPT/
PATH: /mnt/c/Program Files/Intel/Intel(R) Management Engine Components/IPT/
PATH: /mnt/c/CTEX/MiKTeX/TeXMF/miktex/bin/
PATH: /mnt/c/CTEX/MiKTeX/LocalT~1/cct/bin/
PATH: /mnt/c/Program Files/Intel/WiFi/bin/
PATH: /mnt/c/Program Files/Common Files/Intel/WirelessCommon/
PATH: /mnt/c/Users/13515/AppData/Local/Programs/Python/Python38/Scripts/
PATH: /mnt/c/Users/13515/AppData/Local/Programs/Python/Python38/
PATH: /mnt/c/Users/13515/AppData/Local/Microsoft/WindowsApps/
PATH: /mnt/c/Users/13515/AppData/Roaming/TinyTeX/bin/win32/
PATH: /mnt/c/Users/13515/Desktop/PyTranscriber只需3分钟/ffmpeg/bin/
PATH: /mnt/c/Program Files (x86)/Common Files/Thunder Network/KanKan/Codecs/
PATH: /mnt/c/WINDOWS/system32/
PATH: /mnt/c/WINDOWS/
PATH: /mnt/c/WINDOWS/System32/Wbem/
PATH: /mnt/c/WINDOWS/System32/WindowsPowerShell/v1.0/
PATH: /mnt/c/WINDOWS/System32/OpenSSH/
PATH: /mnt/c/Program Files/dotnet/
PATH: /mnt/d/python/Scripts/
PATH: /mnt/d/python/
PATH: /mnt/c/Users/13515/AppData/Local/Microsoft/WindowsApps/
PATH: /mnt/c/Users/13515/AppData/Roaming/TinyTeX/bin/win32/
PATH: /mnt/c/Users/13515/AppData/Local/Programs/Microsoft VS Code/bin/
PATH: /snap/bin/


## ----------- ##
## Core tests. ##
## ----------- ##

configure:2826: looking for aux files: compile ltmain.sh missing install-sh config.guess config.sub
configure:2839:  trying ./
configure:2868:   ./compile found
configure:2868:   ./ltmain.sh found
configure:2868:   ./missing found
configure:2850:   ./install-sh found
configure:2868:   ./config.guess found
configure:2868:   ./config.sub found
configure:2986: checking build system type
configure:3001: result: x86_64-pc-linux-gnu
configure:3021: checking host system type
configure:3035: result: x86_64-pc-linux-gnu
configure:3057: checking whether to enable maintainer-specific portions of Makefiles
configure:3067: result: yes
configure:3099: checking for a BSD-compatible install
configure:3172: result: /usr/bin/install -c
configure:3183: checking whether build environment is sane
configure:3238: result: yes
configure:3397: checking for a race-free mkdir -p
configure:3441: result: /usr/bin/mkdir -p
configure:3448: checking for gawk
configure:3469: found /usr/bin/gawk
configure:3480: result: gawk
configure:3491: checking whether make sets $(MAKE)
configure:3514: result: yes
configure:3544: checking whether make supports nested variables
configure:3562: result: yes
configure:3710: checking whether make supports nested variables
configure:3728: result: yes
configure:3818: checking how to print strings
configure:3845: result: printf
configure:3879: checking whether make supports the include directive
configure:3894: make -f confmf.GNU && cat confinc.out
this is the am__doit target
configure:3897: $? = 0
configure:3916: result: yes (GNU style)
configure:3992: checking for gcc
configure:4013: found /usr/bin/gcc
configure:4024: result: gcc
configure:4377: checking for C compiler version
configure:4386: gcc --version >&5
gcc (Ubuntu 11.3.0-1ubuntu1~22.04) 11.3.0
Copyright (C) 2021 Free Software Foundation, Inc.
This is free software; see the source for copying conditions.  There is NO
warranty; not even for MERCHANTABILITY or FITNESS FOR A PARTICULAR PURPOSE.

configure:4397: $? = 0
configure:4386: gcc -v >&5
Using built-in specs.
COLLECT_GCC=gcc
COLLECT_LTO_WRAPPER=/usr/lib/gcc/x86_64-linux-gnu/11/lto-wrapper
OFFLOAD_TARGET_NAMES=nvptx-none:amdgcn-amdhsa
OFFLOAD_TARGET_DEFAULT=1
Target: x86_64-linux-gnu
Configured with: ../src/configure -v --with-pkgversion='Ubuntu 11.3.0-1ubuntu1~22.04' --with-bugurl=file:///usr/share/doc/gcc-11/README.Bugs --enable-languages=c,ada,c++,go,brig,d,fortran,objc,obj-c++,m2 --prefix=/usr --with-gcc-major-version-only --program-suffix=-11 --program-prefix=x86_64-linux-gnu- --enable-shared --enable-linker-build-id --libexecdir=/usr/lib --without-included-gettext --enable-threads=posix --libdir=/usr/lib --enable-nls --enable-bootstrap --enable-clocale=gnu --enable-libstdcxx-debug --enable-libstdcxx-time=yes --with-default-libstdcxx-abi=new --enable-gnu-unique-object --disable-vtable-verify --enable-plugin --enable-default-pie --with-system-zlib --enable-libphobos-checking=release --with-target-system-zlib=auto --enable-objc-gc=auto --enable-multiarch --disable-werror --enable-cet --with-arch-32=i686 --with-abi=m64 --with-multilib-list=m32,m64,mx32 --enable-multilib --with-tune=generic --enable-offload-targets=nvptx-none=/build/gcc-11-xKiWfi/gcc-11-11.3.0/debian/tmp-nvptx/usr,amdgcn-amdhsa=/build/gcc-11-xKiWfi/gcc-11-11.3.0/debian/tmp-gcn/usr --without-cuda-driver --enable-checking=release --build=x86_64-linux-gnu --host=x86_64-linux-gnu --target=x86_64-linux-gnu --with-build-config=bootstrap-lto-lean --enable-link-serialization=2
Thread model: posix
Supported LTO compression algorithms: zlib zstd
gcc version 11.3.0 (Ubuntu 11.3.0-1ubuntu1~22.04) 
... rest of stderr output deleted ...
configure:4397: $? = 0
configure:4386: gcc -V >&5
gcc: error: unrecognized command-line option '-V'
gcc: fatal error: no input files
compilation terminated.
configure:4397: $? = 1
configure:4386: gcc -qversion >&5
gcc: error: unrecognized command-line option '-qversion'; did you mean '--version'?
gcc: fatal error: no input files
compilation terminated.
configure:4397: $? = 1
configure:4386: gcc -version >&5
gcc: error: unrecognized command-line option '-version'
gcc: fatal error: no input files
compilation terminated.
configure:4397: $? = 1
configure:4417: checking whether the C compiler works
configure:4439: gcc  -O3 -march=native -Wp,-U_FORTIFY_SOURCE -O3 -march=native -Wp,-U_FORTIFY_SOURCE   conftest.c  >&5
configure:4443: $? = 0
configure:4493: result: yes
configure:4496: checking for C compiler default output file name
configure:4498: result: a.out
configure:4504: checking for suffix of executables
configure:4511: gcc -o conftest  -O3 -march=native -Wp,-U_FORTIFY_SOURCE -O3 -march=native -Wp,-U_FORTIFY_SOURCE   conftest.c  >&5
configure:4515: $? = 0
configure:4538: result: 
configure:4560: checking whether we are cross compiling
configure:4568: gcc -o conftest  -O3 -march=native -Wp,-U_FORTIFY_SOURCE -O3 -march=native -Wp,-U_FORTIFY_SOURCE   conftest.c  >&5
configure:4572: $? = 0
configure:4579: ./conftest
configure:4583: $? = 0
configure:4598: result: no
configure:4603: checking for suffix of object files
configure:4626: gcc -c  -O3 -march=native -Wp,-U_FORTIFY_SOURCE -O3 -march=native -Wp,-U_FORTIFY_SOURCE  conftest.c >&5
configure:4630: $? = 0
configure:4652: result: o
configure:4656: checking whether the compiler supports GNU C
configure:4676: gcc -c  -O3 -march=native -Wp,-U_FORTIFY_SOURCE -O3 -march=native -Wp,-U_FORTIFY_SOURCE  conftest.c >&5
configure:4676: $? = 0
configure:4686: result: yes
configure:4697: checking whether gcc accepts -g
configure:4718: gcc -c -g  conftest.c >&5
configure:4718: $? = 0
configure:4762: result: yes
configure:4782: checking for gcc option to enable C11 features
configure:4797: gcc  -c  -O3 -march=native -Wp,-U_FORTIFY_SOURCE -O3 -march=native -Wp,-U_FORTIFY_SOURCE  conftest.c >&5
configure:4797: $? = 0
configure:4815: result: none needed
configure:4931: checking whether gcc understands -c and -o together
configure:4954: gcc -c conftest.c -o conftest2.o
configure:4957: $? = 0
configure:4954: gcc -c conftest.c -o conftest2.o
configure:4957: $? = 0
configure:4969: result: yes
configure:4988: checking dependency style of gcc
configure:5100: result: gcc3
configure:5115: checking for a sed that does not truncate output
configure:5185: result: /usr/bin/sed
configure:5203: checking for grep that handles long lines and -e
configure:5267: result: /usr/bin/grep
configure:5272: checking for egrep
configure:5340: result: /usr/bin/grep -E
configure:5345: checking for fgrep
configure:5413: result: /usr/bin/grep -F
configure:5449: checking for ld used by gcc
configure:5517: result: /usr/bin/ld
configure:5524: checking if the linker (/usr/bin/ld) is GNU ld
configure:5540: result: yes
configure:5552: checking for BSD- or MS-compatible name lister (nm)
configure:5607: result: /usr/bin/nm -B
configure:5747: checking the name lister (/usr/bin/nm -B) interface
configure:5755: gcc -c  -O3 -march=native -Wp,-U_FORTIFY_SOURCE -O3 -march=native -Wp,-U_FORTIFY_SOURCE  conftest.c >&5
configure:5758: /usr/bin/nm -B "conftest.o"
configure:5761: output
0000000000000000 B some_variable
configure:5768: result: BSD nm
configure:5771: checking whether ln -s works
configure:5775: result: yes
configure:5783: checking the maximum length of command line arguments
configure:5915: result: 1572864
configure:5963: checking how to convert x86_64-pc-linux-gnu file names to x86_64-pc-linux-gnu format
configure:6004: result: func_convert_file_noop
configure:6011: checking how to convert x86_64-pc-linux-gnu file names to toolchain format
configure:6032: result: func_convert_file_noop
configure:6039: checking for /usr/bin/ld option to reload object files
configure:6047: result: -r
configure:6126: checking for objdump
configure:6147: found /usr/bin/objdump
configure:6158: result: objdump
configure:6190: checking how to recognize dependent libraries
configure:6391: result: pass_all
configure:6481: checking for dlltool
configure:6516: result: no
configure:6546: checking how to associate runtime and link libraries
configure:6574: result: printf %s\n
configure:6640: checking for ar
configure:6661: found /usr/bin/ar
configure:6672: result: ar
configure:6709: checking for archiver @FILE support
configure:6727: gcc -c  -O3 -march=native -Wp,-U_FORTIFY_SOURCE -O3 -march=native -Wp,-U_FORTIFY_SOURCE  conftest.c >&5
configure:6727: $? = 0
configure:6731: ar cr libconftest.a @conftest.lst >&5
configure:6734: $? = 0
configure:6739: ar cr libconftest.a @conftest.lst >&5
ar: conftest.o: No such file or directory
configure:6742: $? = 1
configure:6754: result: @
configure:6817: checking for strip
configure:6838: found /usr/bin/strip
configure:6849: result: strip
configure:6926: checking for ranlib
configure:6947: found /usr/bin/ranlib
configure:6958: result: ranlib
configure:7060: checking command to parse /usr/bin/nm -B output from gcc object
configure:7214: gcc -c  -O3 -march=native -Wp,-U_FORTIFY_SOURCE -O3 -march=native -Wp,-U_FORTIFY_SOURCE  conftest.c >&5
configure:7217: $? = 0
configure:7221: /usr/bin/nm -B conftest.o | sed -n -e 's/^.*[	 ]\([ABCDGIRSTW][ABCDGIRSTW]*\)[	 ][	 ]*\([_A-Za-z][_A-Za-z0-9]*\)$/\1 \2 \2/p' | sed '/ __gnu_lto/d' > conftest.nm
configure:7287: gcc -o conftest  -O3 -march=native -Wp,-U_FORTIFY_SOURCE -O3 -march=native -Wp,-U_FORTIFY_SOURCE   conftest.c conftstm.o >&5
configure:7290: $? = 0
configure:7328: result: ok
configure:7375: checking for sysroot
configure:7406: result: no
configure:7413: checking for a working dd
configure:7457: result: /usr/bin/dd
configure:7461: checking how to truncate binary pipes
configure:7477: result: /usr/bin/dd bs=4096 count=1
configure:7614: gcc -c  -O3 -march=native -Wp,-U_FORTIFY_SOURCE -O3 -march=native -Wp,-U_FORTIFY_SOURCE  conftest.c >&5
configure:7617: $? = 0
configure:7814: checking for mt
configure:7835: found /usr/bin/mt
configure:7846: result: mt
configure:7869: checking if mt is a manifest tool
configure:7876: mt '-?'
configure:7884: result: no
configure:8614: checking for stdio.h
configure:8614: gcc -c  -O3 -march=native -Wp,-U_FORTIFY_SOURCE -O3 -march=native -Wp,-U_FORTIFY_SOURCE  conftest.c >&5
configure:8614: $? = 0
configure:8614: result: yes
configure:8614: checking for stdlib.h
configure:8614: gcc -c  -O3 -march=native -Wp,-U_FORTIFY_SOURCE -O3 -march=native -Wp,-U_FORTIFY_SOURCE  conftest.c >&5
configure:8614: $? = 0
configure:8614: result: yes
configure:8614: checking for string.h
configure:8614: gcc -c  -O3 -march=native -Wp,-U_FORTIFY_SOURCE -O3 -march=native -Wp,-U_FORTIFY_SOURCE  conftest.c >&5
configure:8614: $? = 0
configure:8614: result: yes
configure:8614: checking for inttypes.h
configure:8614: gcc -c  -O3 -march=native -Wp,-U_FORTIFY_SOURCE -O3 -march=native -Wp,-U_FORTIFY_SOURCE  conftest.c >&5
configure:8614: $? = 0
configure:8614: result: yes
configure:8614: checking for stdint.h
configure:8614: gcc -c  -O3 -march=native -Wp,-U_FORTIFY_SOURCE -O3 -march=native -Wp,-U_FORTIFY_SOURCE  conftest.c >&5
configure:8614: $? = 0
configure:8614: result: yes
configure:8614: checking for strings.h
configure:8614: gcc -c  -O3 -march=native -Wp,-U_FORTIFY_SOURCE -O3 -march=native -Wp,-U_FORTIFY_SOURCE  conftest.c >&5
configure:8614: $? = 0
configure:8614: result: yes
configure:8614: checking for sys/stat.h
configure:8614: gcc -c  -O3 -march=native -Wp,-U_FORTIFY_SOURCE -O3 -march=native -Wp,-U_FORTIFY_SOURCE  conftest.c >&5
configure:8614: $? = 0
configure:8614: result: yes
configure:8614: checking for sys/types.h
configure:8614: gcc -c  -O3 -march=native -Wp,-U_FORTIFY_SOURCE -O3 -march=native -Wp,-U_FORTIFY_SOURCE  conftest.c >&5
configure:8614: $? = 0
configure:8614: result: yes
configure:8614: checking for unistd.h
configure:8614: gcc -c  -O3 -march=native -Wp,-U_FORTIFY_SOURCE -O3 -march=native -Wp,-U_FORTIFY_SOURCE  conftest.c >&5
configure:8614: $? = 0
configure:8614: result: yes
configure:8639: checking for dlfcn.h
configure:8639: gcc -c  -O3 -march=native -Wp,-U_FORTIFY_SOURCE -O3 -march=native -Wp,-U_FORTIFY_SOURCE  conftest.c >&5
configure:8639: $? = 0
configure:8639: result: yes
configure:8898: checking for objdir
configure:8914: result: .libs
configure:9178: checking if gcc supports -fno-rtti -fno-exceptions
configure:9197: gcc -c  -O3 -march=native -Wp,-U_FORTIFY_SOURCE -O3 -march=native -Wp,-U_FORTIFY_SOURCE  -fno-rtti -fno-exceptions conftest.c >&5
cc1: warning: command-line option '-fno-rtti' is valid for C++/D/ObjC++ but not for C
configure:9201: $? = 0
configure:9214: result: no
configure:9578: checking for gcc option to produce PIC
configure:9586: result: -fPIC -DPIC
configure:9594: checking if gcc PIC flag -fPIC -DPIC works
configure:9613: gcc -c  -O3 -march=native -Wp,-U_FORTIFY_SOURCE -O3 -march=native -Wp,-U_FORTIFY_SOURCE  -fPIC -DPIC -DPIC conftest.c >&5
configure:9617: $? = 0
configure:9630: result: yes
configure:9659: checking if gcc static flag -static works
configure:9688: result: yes
configure:9703: checking if gcc supports -c -o file.o
configure:9725: gcc -c  -O3 -march=native -Wp,-U_FORTIFY_SOURCE -O3 -march=native -Wp,-U_FORTIFY_SOURCE  -o out/conftest2.o conftest.c >&5
configure:9729: $? = 0
configure:9751: result: yes
configure:9759: checking if gcc supports -c -o file.o
configure:9807: result: yes
configure:9840: checking whether the gcc linker (/usr/bin/ld -m elf_x86_64) supports shared libraries
configure:11110: result: yes
configure:11147: checking whether -lc should be explicitly linked in
configure:11156: gcc -c  -O3 -march=native -Wp,-U_FORTIFY_SOURCE -O3 -march=native -Wp,-U_FORTIFY_SOURCE  conftest.c >&5
configure:11159: $? = 0
configure:11174: gcc -shared  -fPIC -DPIC conftest.o  -v -Wl,-soname -Wl,conftest -o conftest 2\>\&1 \| /usr/bin/grep  -lc  \>/dev/null 2\>\&1
configure:11177: $? = 0
configure:11191: result: no
configure:11351: checking dynamic linker characteristics
configure:11933: gcc -o conftest  -O3 -march=native -Wp,-U_FORTIFY_SOURCE -O3 -march=native -Wp,-U_FORTIFY_SOURCE   -Wl,-rpath -Wl,/foo conftest.c  >&5
configure:11933: $? = 0
configure:12184: result: GNU/Linux ld.so
configure:12306: checking how to hardcode library paths into programs
configure:12331: result: immediate
configure:12883: checking whether stripping libraries is possible
configure:12888: result: yes
configure:12923: checking if libtool supports shared libraries
configure:12925: result: yes
configure:12928: checking whether to build shared libraries
configure:12953: result: yes
configure:12956: checking whether to build static libraries
configure:12960: result: yes
configure:13104: checking for g++
configure:13125: found /usr/bin/g++
configure:13136: result: g++
configure:13163: checking for C++ compiler version
configure:13172: g++ --version >&5
g++ (Ubuntu 11.3.0-1ubuntu1~22.04) 11.3.0
Copyright (C) 2021 Free Software Foundation, Inc.
This is free software; see the source for copying conditions.  There is NO
warranty; not even for MERCHANTABILITY or FITNESS FOR A PARTICULAR PURPOSE.

configure:13183: $? = 0
configure:13172: g++ -v >&5
Using built-in specs.
COLLECT_GCC=g++
COLLECT_LTO_WRAPPER=/usr/lib/gcc/x86_64-linux-gnu/11/lto-wrapper
OFFLOAD_TARGET_NAMES=nvptx-none:amdgcn-amdhsa
OFFLOAD_TARGET_DEFAULT=1
Target: x86_64-linux-gnu
Configured with: ../src/configure -v --with-pkgversion='Ubuntu 11.3.0-1ubuntu1~22.04' --with-bugurl=file:///usr/share/doc/gcc-11/README.Bugs --enable-languages=c,ada,c++,go,brig,d,fortran,objc,obj-c++,m2 --prefix=/usr --with-gcc-major-version-only --program-suffix=-11 --program-prefix=x86_64-linux-gnu- --enable-shared --enable-linker-build-id --libexecdir=/usr/lib --without-included-gettext --enable-threads=posix --libdir=/usr/lib --enable-nls --enable-bootstrap --enable-clocale=gnu --enable-libstdcxx-debug --enable-libstdcxx-time=yes --with-default-libstdcxx-abi=new --enable-gnu-unique-object --disable-vtable-verify --enable-plugin --enable-default-pie --with-system-zlib --enable-libphobos-checking=release --with-target-system-zlib=auto --enable-objc-gc=auto --enable-multiarch --disable-werror --enable-cet --with-arch-32=i686 --with-abi=m64 --with-multilib-list=m32,m64,mx32 --enable-multilib --with-tune=generic --enable-offload-targets=nvptx-none=/build/gcc-11-xKiWfi/gcc-11-11.3.0/debian/tmp-nvptx/usr,amdgcn-amdhsa=/build/gcc-11-xKiWfi/gcc-11-11.3.0/debian/tmp-gcn/usr --without-cuda-driver --enable-checking=release --build=x86_64-linux-gnu --host=x86_64-linux-gnu --target=x86_64-linux-gnu --with-build-config=bootstrap-lto-lean --enable-link-serialization=2
Thread model: posix
Supported LTO compression algorithms: zlib zstd
gcc version 11.3.0 (Ubuntu 11.3.0-1ubuntu1~22.04) 
... rest of stderr output deleted ...
configure:13183: $? = 0
configure:13172: g++ -V >&5
g++: error: unrecognized command-line option '-V'
g++: fatal error: no input files
compilation terminated.
configure:13183: $? = 1
configure:13172: g++ -qversion >&5
g++: error: unrecognized command-line option '-qversion'; did you mean '--version'?
g++: fatal error: no input files
compilation terminated.
configure:13183: $? = 1
configure:13187: checking whether the compiler supports GNU C++
configure:13207: g++ -c  -O3 -march=native -Wp,-U_FORTIFY_SOURCE -O3 -march=native -Wp,-U_FORTIFY_SOURCE  conftest.cpp >&5
configure:13207: $? = 0
configure:13217: result: yes
configure:13228: checking whether g++ accepts -g
configure:13249: g++ -c -g  conftest.cpp >&5
configure:13249: $? = 0
configure:13293: result: yes
configure:13313: checking for g++ option to enable C++11 features
configure:13328: g++  -c  -O3 -march=native -Wp,-U_FORTIFY_SOURCE -O3 -march=native -Wp,-U_FORTIFY_SOURCE  conftest.cpp >&5
conftest.cpp: In function 'int main(int, char**)':
conftest.cpp:194:25: warning: empty parentheses were disambiguated as a function declaration [-Wvexing-parse]
  194 |   cxx11test::delegate d2();
      |                         ^~
conftest.cpp:194:25: note: remove parentheses to default-initialize a variable
  194 |   cxx11test::delegate d2();
      |                         ^~
      |                         --
conftest.cpp:194:25: note: or replace parentheses with braces to value-initialize a variable
configure:13328: $? = 0
configure:13346: result: none needed
configure:13412: checking dependency style of g++
configure:13524: result: gcc3
configure:13557: checking how to run the C++ preprocessor
configure:13579: g++ -E  conftest.cpp
configure:13579: $? = 0
configure:13594: g++ -E  conftest.cpp
conftest.cpp:28:10: fatal error: ac_nonexistent.h: No such file or directory
   28 | #include <ac_nonexistent.h>
      |          ^~~~~~~~~~~~~~~~~~
compilation terminated.
configure:13594: $? = 1
configure: failed program was:
| /* confdefs.h */
| #define PACKAGE_NAME "g6k-kernel"
| #define PACKAGE_TARNAME "g6k-kernel"
| #define PACKAGE_VERSION "0.1.2"
| #define PACKAGE_STRING "g6k-kernel 0.1.2"
| #define PACKAGE_BUGREPORT ""
| #define PACKAGE_URL ""
| #define PACKAGE "g6k-kernel"
| #define VERSION "0.1.2"
| #define G6K_MAJOR_VERSION 0
| #define G6K_MINOR_VERSION 1
| #define G6K_MICRO_VERSION 2
| #define G6K_VERSION 0.1.2
| #define G6K_VERSION_INFO 
| #define HAVE_STDIO_H 1
| #define HAVE_STDLIB_H 1
| #define HAVE_STRING_H 1
| #define HAVE_INTTYPES_H 1
| #define HAVE_STDINT_H 1
| #define HAVE_STRINGS_H 1
| #define HAVE_SYS_STAT_H 1
| #define HAVE_SYS_TYPES_H 1
| #define HAVE_UNISTD_H 1
| #define STDC_HEADERS 1
| #define HAVE_DLFCN_H 1
| #define LT_OBJDIR ".libs/"
| /* end confdefs.h.  */
| #include <ac_nonexistent.h>
configure:13621: result: g++ -E
configure:13635: g++ -E  conftest.cpp
configure:13635: $? = 0
configure:13650: g++ -E  conftest.cpp
conftest.cpp:28:10: fatal error: ac_nonexistent.h: No such file or directory
   28 | #include <ac_nonexistent.h>
      |          ^~~~~~~~~~~~~~~~~~
compilation terminated.
configure:13650: $? = 1
configure: failed program was:
| /* confdefs.h */
| #define PACKAGE_NAME "g6k-kernel"
| #define PACKAGE_TARNAME "g6k-kernel"
| #define PACKAGE_VERSION "0.1.2"
| #define PACKAGE_STRING "g6k-kernel 0.1.2"
| #define PACKAGE_BUGREPORT ""
| #define PACKAGE_URL ""
| #define PACKAGE "g6k-kernel"
| #define VERSION "0.1.2"
| #define G6K_MAJOR_VERSION 0
| #define G6K_MINOR_VERSION 1
| #define G6K_MICRO_VERSION 2
| #define G6K_VERSION 0.1.2
| #define G6K_VERSION_INFO 
| #define HAVE_STDIO_H 1
| #define HAVE_STDLIB_H 1
| #define HAVE_STRING_H 1
| #define HAVE_INTTYPES_H 1
| #define HAVE_STDINT_H 1
| #define HAVE_STRINGS_H 1
| #define HAVE_SYS_STAT_H 1
| #define HAVE_SYS_TYPES_H 1
| #define HAVE_UNISTD_H 1
| #define STDC_HEADERS 1
| #define HAVE_DLFCN_H 1
| #define LT_OBJDIR ".libs/"
| /* end confdefs.h.  */
| #include <ac_nonexistent.h>
configure:13815: checking for ld used by g++
configure:13883: result: /usr/bin/ld -m elf_x86_64
configure:13890: checking if the linker (/usr/bin/ld -m elf_x86_64) is GNU ld
configure:13906: result: yes
configure:13961: checking whether the g++ linker (/usr/bin/ld -m elf_x86_64) supports shared libraries
configure:15038: result: yes
configure:15074: g++ -c  -O3 -march=native -Wp,-U_FORTIFY_SOURCE -O3 -march=native -Wp,-U_FORTIFY_SOURCE  conftest.cpp >&5
configure:15077: $? = 0
configure:15558: checking for g++ option to produce PIC
configure:15566: result: -fPIC -DPIC
configure:15574: checking if g++ PIC flag -fPIC -DPIC works
configure:15593: g++ -c  -O3 -march=native -Wp,-U_FORTIFY_SOURCE -O3 -march=native -Wp,-U_FORTIFY_SOURCE  -fPIC -DPIC -DPIC conftest.cpp >&5
configure:15597: $? = 0
configure:15610: result: yes
configure:15633: checking if g++ static flag -static works
configure:15662: result: yes
configure:15674: checking if g++ supports -c -o file.o
configure:15696: g++ -c  -O3 -march=native -Wp,-U_FORTIFY_SOURCE -O3 -march=native -Wp,-U_FORTIFY_SOURCE  -o out/conftest2.o conftest.cpp >&5
configure:15700: $? = 0
configure:15722: result: yes
configure:15727: checking if g++ supports -c -o file.o
configure:15775: result: yes
configure:15805: checking whether the g++ linker (/usr/bin/ld -m elf_x86_64) supports shared libraries
configure:15848: result: yes
configure:15990: checking dynamic linker characteristics
configure:16750: result: GNU/Linux ld.so
configure:16815: checking how to hardcode library paths into programs
configure:16840: result: immediate
configure:16894: checking whether g++ supports C++11 features with -std=c++11
configure:17193: g++ -std=c++11 -c  -O3 -march=native -Wp,-U_FORTIFY_SOURCE -O3 -march=native -Wp,-U_FORTIFY_SOURCE  conftest.cpp >&5
configure:17193: $? = 0
configure:17203: result: yes
configure:17248: checking how to run the C preprocessor
configure:17274: gcc -E  conftest.c
configure:17274: $? = 0
configure:17289: gcc -E  conftest.c
conftest.c:29:10: fatal error: ac_nonexistent.h: No such file or directory
   29 | #include <ac_nonexistent.h>
      |          ^~~~~~~~~~~~~~~~~~
compilation terminated.
configure:17289: $? = 1
configure: failed program was:
| /* confdefs.h */
| #define PACKAGE_NAME "g6k-kernel"
| #define PACKAGE_TARNAME "g6k-kernel"
| #define PACKAGE_VERSION "0.1.2"
| #define PACKAGE_STRING "g6k-kernel 0.1.2"
| #define PACKAGE_BUGREPORT ""
| #define PACKAGE_URL ""
| #define PACKAGE "g6k-kernel"
| #define VERSION "0.1.2"
| #define G6K_MAJOR_VERSION 0
| #define G6K_MINOR_VERSION 1
| #define G6K_MICRO_VERSION 2
| #define G6K_VERSION 0.1.2
| #define G6K_VERSION_INFO 
| #define HAVE_STDIO_H 1
| #define HAVE_STDLIB_H 1
| #define HAVE_STRING_H 1
| #define HAVE_INTTYPES_H 1
| #define HAVE_STDINT_H 1
| #define HAVE_STRINGS_H 1
| #define HAVE_SYS_STAT_H 1
| #define HAVE_SYS_TYPES_H 1
| #define HAVE_UNISTD_H 1
| #define STDC_HEADERS 1
| #define HAVE_DLFCN_H 1
| #define LT_OBJDIR ".libs/"
| #define HAVE_CXX11 1
| /* end confdefs.h.  */
| #include <ac_nonexistent.h>
configure:17316: result: gcc -E
configure:17330: gcc -E  conftest.c
configure:17330: $? = 0
configure:17345: gcc -E  conftest.c
conftest.c:29:10: fatal error: ac_nonexistent.h: No such file or directory
   29 | #include <ac_nonexistent.h>
      |          ^~~~~~~~~~~~~~~~~~
compilation terminated.
configure:17345: $? = 1
configure: failed program was:
| /* confdefs.h */
| #define PACKAGE_NAME "g6k-kernel"
| #define PACKAGE_TARNAME "g6k-kernel"
| #define PACKAGE_VERSION "0.1.2"
| #define PACKAGE_STRING "g6k-kernel 0.1.2"
| #define PACKAGE_BUGREPORT ""
| #define PACKAGE_URL ""
| #define PACKAGE "g6k-kernel"
| #define VERSION "0.1.2"
| #define G6K_MAJOR_VERSION 0
| #define G6K_MINOR_VERSION 1
| #define G6K_MICRO_VERSION 2
| #define G6K_VERSION 0.1.2
| #define G6K_VERSION_INFO 
| #define HAVE_STDIO_H 1
| #define HAVE_STDLIB_H 1
| #define HAVE_STRING_H 1
| #define HAVE_INTTYPES_H 1
| #define HAVE_STDINT_H 1
| #define HAVE_STRINGS_H 1
| #define HAVE_SYS_STAT_H 1
| #define HAVE_SYS_TYPES_H 1
| #define HAVE_UNISTD_H 1
| #define STDC_HEADERS 1
| #define HAVE_DLFCN_H 1
| #define LT_OBJDIR ".libs/"
| #define HAVE_CXX11 1
| /* end confdefs.h.  */
| #include <ac_nonexistent.h>
configure:17532: checking whether gcc is Clang
configure:17559: result: no
configure:17624: checking whether pthreads work with "-pthread" and "-lpthread"
configure:17735: gcc -o conftest  -O3 -march=native -Wp,-U_FORTIFY_SOURCE -O3 -march=native -Wp,-U_FORTIFY_SOURCE -pthread   conftest.c -lpthread  >&5
configure:17735: $? = 0
configure:17745: result: yes
configure:17868: checking for joinable pthread attribute
configure:17887: gcc -o conftest  -O3 -march=native -Wp,-U_FORTIFY_SOURCE -O3 -march=native -Wp,-U_FORTIFY_SOURCE -pthread   conftest.c -lpthread  >&5
configure:17887: $? = 0
configure:17896: result: PTHREAD_CREATE_JOINABLE
configure:17909: checking whether more special flags are required for pthreads
configure:17923: result: no
configure:17932: checking for PTHREAD_PRIO_INHERIT
configure:17950: gcc -o conftest  -O3 -march=native -Wp,-U_FORTIFY_SOURCE -O3 -march=native -Wp,-U_FORTIFY_SOURCE -pthread   conftest.c -lpthread  >&5
configure:17950: $? = 0
configure:17960: result: yes
configure:18088: checking whether C++ compiler accepts -march=native
configure:18108: g++ -std=c++11 -c  -O3 -march=native -Wp,-U_FORTIFY_SOURCE -O3 -march=native -Wp,-U_FORTIFY_SOURCE  -march=native  conftest.cpp >&5
configure:18108: $? = 0
configure:18117: result: yes
configure:18133: checking for x86 cpuid  output
configure:18167: gcc -o conftest  -O3 -march=native -Wp,-U_FORTIFY_SOURCE -O3 -march=native -Wp,-U_FORTIFY_SOURCE   conftest.c  >&5
conftest.c: In function 'main':
conftest.c:36:15: error: expected expression before ',' token
   36 |      int op = , level = 0, eax, ebx, ecx, edx;
      |               ^
configure:18167: $? = 1
configure: program exited with status 1
configure: failed program was:
| /* confdefs.h */
| #define PACKAGE_NAME "g6k-kernel"
| #define PACKAGE_TARNAME "g6k-kernel"
| #define PACKAGE_VERSION "0.1.2"
| #define PACKAGE_STRING "g6k-kernel 0.1.2"
| #define PACKAGE_BUGREPORT ""
| #define PACKAGE_URL ""
| #define PACKAGE "g6k-kernel"
| #define VERSION "0.1.2"
| #define G6K_MAJOR_VERSION 0
| #define G6K_MINOR_VERSION 1
| #define G6K_MICRO_VERSION 2
| #define G6K_VERSION 0.1.2
| #define G6K_VERSION_INFO 
| #define HAVE_STDIO_H 1
| #define HAVE_STDLIB_H 1
| #define HAVE_STRING_H 1
| #define HAVE_INTTYPES_H 1
| #define HAVE_STDINT_H 1
| #define HAVE_STRINGS_H 1
| #define HAVE_SYS_STAT_H 1
| #define HAVE_SYS_TYPES_H 1
| #define HAVE_UNISTD_H 1
| #define STDC_HEADERS 1
| #define HAVE_DLFCN_H 1
| #define LT_OBJDIR ".libs/"
| #define HAVE_CXX11 1
| #define HAVE_PTHREAD_PRIO_INHERIT 1
| #define HAVE_PTHREAD 1
| /* end confdefs.h.  */
| #include <stdio.h>
| int
| main (void)
| {
| 
|      int op = , level = 0, eax, ebx, ecx, edx;
|      FILE *f;
|       __asm__ __volatile__ ("xchg %%ebx, %1\n"
|         "cpuid\n"
|         "xchg %%ebx, %1\n"
|         : "=a" (eax), "=r" (ebx), "=c" (ecx), "=d" (edx)
|         : "a" (op), "2" (level));
| 
|      f = fopen("conftest_cpuid", "w"); if (!f) return 1;
|      fprintf(f, "%x:%x:%x:%x\n", eax, ebx, ecx, edx);
|      fclose(f);
|      return 0;
| 
|   ;
|   return 0;
| }
configure:18178: result: unknown
configure:18195: checking for x86-AVX xgetbv  output
configure:18227: gcc -o conftest  -O3 -march=native -Wp,-U_FORTIFY_SOURCE -O3 -march=native -Wp,-U_FORTIFY_SOURCE   conftest.c  >&5
conftest.c: In function 'main':
conftest.c:36:15: error: expected expression before ',' token
   36 |      int op = , eax, edx;
      |               ^
configure:18227: $? = 1
configure: program exited with status 1
configure: failed program was:
| /* confdefs.h */
| #define PACKAGE_NAME "g6k-kernel"
| #define PACKAGE_TARNAME "g6k-kernel"
| #define PACKAGE_VERSION "0.1.2"
| #define PACKAGE_STRING "g6k-kernel 0.1.2"
| #define PACKAGE_BUGREPORT ""
| #define PACKAGE_URL ""
| #define PACKAGE "g6k-kernel"
| #define VERSION "0.1.2"
| #define G6K_MAJOR_VERSION 0
| #define G6K_MINOR_VERSION 1
| #define G6K_MICRO_VERSION 2
| #define G6K_VERSION 0.1.2
| #define G6K_VERSION_INFO 
| #define HAVE_STDIO_H 1
| #define HAVE_STDLIB_H 1
| #define HAVE_STRING_H 1
| #define HAVE_INTTYPES_H 1
| #define HAVE_STDINT_H 1
| #define HAVE_STRINGS_H 1
| #define HAVE_SYS_STAT_H 1
| #define HAVE_SYS_TYPES_H 1
| #define HAVE_UNISTD_H 1
| #define STDC_HEADERS 1
| #define HAVE_DLFCN_H 1
| #define LT_OBJDIR ".libs/"
| #define HAVE_CXX11 1
| #define HAVE_PTHREAD_PRIO_INHERIT 1
| #define HAVE_PTHREAD 1
| /* end confdefs.h.  */
| #include <stdio.h>
| int
| main (void)
| {
| 
|      int op = , eax, edx;
|      FILE *f;
|       /* Opcodes for xgetbv */
|       __asm__ __volatile__ (".byte 0x0f, 0x01, 0xd0"
|         : "=a" (eax), "=d" (edx)
|         : "c" (op));
|      f = fopen("conftest_xgetbv", "w"); if (!f) return 1;
|      fprintf(f, "%x:%x\n", eax, edx);
|      fclose(f);
|      return 0;
| 
|   ;
|   return 0;
| }
configure:18238: result: unknown
configure:18450: checking for x86 cpuid 0x00000000 output
configure:18484: gcc -o conftest  -O3 -march=native -Wp,-U_FORTIFY_SOURCE -O3 -march=native -Wp,-U_FORTIFY_SOURCE   conftest.c  >&5
configure:18484: $? = 0
configure:18484: ./conftest
configure:18484: $? = 0
configure:18495: result: 15:756e6547:6c65746e:49656e69
configure:18518: checking for x86 cpuid 0x80000000 output
configure:18552: gcc -o conftest  -O3 -march=native -Wp,-U_FORTIFY_SOURCE -O3 -march=native -Wp,-U_FORTIFY_SOURCE   conftest.c  >&5
configure:18552: $? = 0
configure:18552: ./conftest
configure:18552: $? = 0
configure:18563: result: 80000008:0:0:0
configure:18588: checking for x86 cpuid 0x00000001 output
configure:18622: gcc -o conftest  -O3 -march=native -Wp,-U_FORTIFY_SOURCE -O3 -march=native -Wp,-U_FORTIFY_SOURCE   conftest.c  >&5
configure:18622: $? = 0
configure:18622: ./conftest
configure:18622: $? = 0
configure:18633: result: 806e9:3040800:feda3203:1f8bfbff
configure:18660: checking for x86 cpuid 0x00000007 output
configure:18694: gcc -o conftest  -O3 -march=native -Wp,-U_FORTIFY_SOURCE -O3 -march=native -Wp,-U_FORTIFY_SOURCE   conftest.c  >&5
configure:18694: $? = 0
configure:18694: ./conftest
configure:18694: $? = 0
configure:18705: result: 0:9c27a9:0:bc000000
configure:18731: checking for x86 cpuid 0x80000001 output
configure:18765: gcc -o conftest  -O3 -march=native -Wp,-U_FORTIFY_SOURCE -O3 -march=native -Wp,-U_FORTIFY_SOURCE   conftest.c  >&5
configure:18765: $? = 0
configure:18765: ./conftest
configure:18765: $? = 0
configure:18776: result: 0:0:121:2c100800
configure:18838: gcc -o conftest  -O3 -march=native -Wp,-U_FORTIFY_SOURCE -O3 -march=native -Wp,-U_FORTIFY_SOURCE   conftest.c  >&5
configure:18838: $? = 0
configure:18838: ./conftest
configure:18838: $? = 0
configure:18868: checking for x86-AVX xgetbv 0x00000000 output
configure:18900: gcc -o conftest  -O3 -march=native -Wp,-U_FORTIFY_SOURCE -O3 -march=native -Wp,-U_FORTIFY_SOURCE   conftest.c  >&5
configure:18900: $? = 0
configure:18900: ./conftest
configure:18900: $? = 0
configure:18911: result: 7:0
configure:18967: checking whether RDRND is supported by the processor
configure:18981: result: yes
configure:18985: checking whether RDRND is supported by the processor and OS
configure:18999: result: yes
configure:19004: checking whether C++ compiler accepts -mrdrnd
configure:19024: g++ -std=c++11 -c  -O3 -march=native -Wp,-U_FORTIFY_SOURCE -O3 -march=native -Wp,-U_FORTIFY_SOURCE  -mrdrnd  conftest.cpp >&5
configure:19024: $? = 0
configure:19034: result: yes
configure:18967: checking whether BMI1 is supported by the processor
configure:18981: result: yes
configure:18985: checking whether BMI1 is supported by the processor and OS
configure:18999: result: yes
configure:19004: checking whether C++ compiler accepts -mbmi
configure:19024: g++ -std=c++11 -c  -O3 -march=native -Wp,-U_FORTIFY_SOURCE -O3 -march=native -Wp,-U_FORTIFY_SOURCE  -mbmi  conftest.cpp >&5
configure:19024: $? = 0
configure:19034: result: yes
configure:18967: checking whether BMI2 is supported by the processor
configure:18981: result: yes
configure:18985: checking whether BMI2 is supported by the processor and OS
configure:18999: result: yes
configure:19004: checking whether C++ compiler accepts -mbmi2
configure:19024: g++ -std=c++11 -c  -O3 -march=native -Wp,-U_FORTIFY_SOURCE -O3 -march=native -Wp,-U_FORTIFY_SOURCE  -mbmi2  conftest.cpp >&5
configure:19024: $? = 0
configure:19034: result: yes
configure:18967: checking whether ADX is supported by the processor
configure:18981: result: yes
configure:18985: checking whether ADX is supported by the processor and OS
configure:18999: result: yes
configure:19004: checking whether C++ compiler accepts -madx
configure:19024: g++ -std=c++11 -c  -O3 -march=native -Wp,-U_FORTIFY_SOURCE -O3 -march=native -Wp,-U_FORTIFY_SOURCE  -madx  conftest.cpp >&5
configure:19024: $? = 0
configure:19034: result: yes
configure:18967: checking whether MPX is supported by the processor
configure:18981: result: no
configure:18967: checking whether PREFETCHWT1 is supported by the processor
configure:18981: result: no
configure:18967: checking whether ABM is supported by the processor
configure:18981: result: yes
configure:18985: checking whether ABM is supported by the processor and OS
configure:18999: result: yes
configure:19004: checking whether C++ compiler accepts -mabm
configure:19024: g++ -std=c++11 -c  -O3 -march=native -Wp,-U_FORTIFY_SOURCE -O3 -march=native -Wp,-U_FORTIFY_SOURCE  -mabm  conftest.cpp >&5
configure:19024: $? = 0
configure:19034: result: yes
configure:18967: checking whether MMX is supported by the processor
configure:18981: result: yes
configure:18985: checking whether MMX is supported by the processor and OS
configure:18999: result: yes
configure:19004: checking whether C++ compiler accepts -mmmx
configure:19024: g++ -std=c++11 -c  -O3 -march=native -Wp,-U_FORTIFY_SOURCE -O3 -march=native -Wp,-U_FORTIFY_SOURCE  -mmmx  conftest.cpp >&5
configure:19024: $? = 0
configure:19034: result: yes
configure:18967: checking whether SSE is supported by the processor
configure:18981: result: yes
configure:18985: checking whether SSE is supported by the processor and OS
configure:18999: result: yes
configure:19004: checking whether C++ compiler accepts -msse
configure:19024: g++ -std=c++11 -c  -O3 -march=native -Wp,-U_FORTIFY_SOURCE -O3 -march=native -Wp,-U_FORTIFY_SOURCE  -msse  conftest.cpp >&5
configure:19024: $? = 0
configure:19034: result: yes
configure:18967: checking whether SSE2 is supported by the processor
configure:18981: result: yes
configure:18985: checking whether SSE2 is supported by the processor and OS
configure:18999: result: yes
configure:19004: checking whether C++ compiler accepts -msse2
configure:19024: g++ -std=c++11 -c  -O3 -march=native -Wp,-U_FORTIFY_SOURCE -O3 -march=native -Wp,-U_FORTIFY_SOURCE  -msse2  conftest.cpp >&5
configure:19024: $? = 0
configure:19034: result: yes
configure:18967: checking whether SSE3 is supported by the processor
configure:18981: result: yes
configure:18985: checking whether SSE3 is supported by the processor and OS
configure:18999: result: yes
configure:19004: checking whether C++ compiler accepts -msse3
configure:19024: g++ -std=c++11 -c  -O3 -march=native -Wp,-U_FORTIFY_SOURCE -O3 -march=native -Wp,-U_FORTIFY_SOURCE  -msse3  conftest.cpp >&5
configure:19024: $? = 0
configure:19034: result: yes
configure:18967: checking whether SSSE3 is supported by the processor
configure:18981: result: yes
configure:18985: checking whether SSSE3 is supported by the processor and OS
configure:18999: result: yes
configure:19004: checking whether C++ compiler accepts -mssse3
configure:19024: g++ -std=c++11 -c  -O3 -march=native -Wp,-U_FORTIFY_SOURCE -O3 -march=native -Wp,-U_FORTIFY_SOURCE  -mssse3  conftest.cpp >&5
configure:19024: $? = 0
configure:19034: result: yes
configure:18967: checking whether SSE4.1 is supported by the processor
configure:18981: result: yes
configure:18985: checking whether SSE4.1 is supported by the processor and OS
configure:18999: result: yes
configure:19004: checking whether C++ compiler accepts -msse4.1
configure:19024: g++ -std=c++11 -c  -O3 -march=native -Wp,-U_FORTIFY_SOURCE -O3 -march=native -Wp,-U_FORTIFY_SOURCE  -msse4.1  conftest.cpp >&5
configure:19024: $? = 0
configure:19034: result: yes
configure:18967: checking whether SSE4.2 is supported by the processor
configure:18981: result: yes
configure:18985: checking whether SSE4.2 is supported by the processor and OS
configure:18999: result: yes
configure:19004: checking whether C++ compiler accepts -msse4.2
configure:19024: g++ -std=c++11 -c  -O3 -march=native -Wp,-U_FORTIFY_SOURCE -O3 -march=native -Wp,-U_FORTIFY_SOURCE  -msse4.2  conftest.cpp >&5
configure:19024: $? = 0
configure:19034: result: yes
configure:18967: checking whether SSE4a is supported by the processor
configure:18981: result: no
configure:18967: checking whether SHA is supported by the processor
configure:18981: result: no
configure:18967: checking whether AES is supported by the processor
configure:18981: result: yes
configure:18985: checking whether AES is supported by the processor and OS
configure:18999: result: yes
configure:19004: checking whether C++ compiler accepts -maes
configure:19024: g++ -std=c++11 -c  -O3 -march=native -Wp,-U_FORTIFY_SOURCE -O3 -march=native -Wp,-U_FORTIFY_SOURCE  -maes  conftest.cpp >&5
configure:19024: $? = 0
configure:19034: result: yes
configure:18967: checking whether AVX is supported by the processor
configure:18981: result: yes
configure:18985: checking whether AVX is supported by the processor and OS
configure:18999: result: yes
configure:19004: checking whether C++ compiler accepts -mavx
configure:19024: g++ -std=c++11 -c  -O3 -march=native -Wp,-U_FORTIFY_SOURCE -O3 -march=native -Wp,-U_FORTIFY_SOURCE  -mavx  conftest.cpp >&5
configure:19024: $? = 0
configure:19034: result: yes
configure:18967: checking whether FMA3 is supported by the processor
configure:18981: result: yes
configure:18985: checking whether FMA3 is supported by the processor and OS
configure:18999: result: yes
configure:19004: checking whether C++ compiler accepts -mfma
configure:19024: g++ -std=c++11 -c  -O3 -march=native -Wp,-U_FORTIFY_SOURCE -O3 -march=native -Wp,-U_FORTIFY_SOURCE  -mfma  conftest.cpp >&5
configure:19024: $? = 0
configure:19034: result: yes
configure:18967: checking whether FMA4 is supported by the processor
configure:18981: result: no
configure:18967: checking whether XOP is supported by the processor
configure:18981: result: no
configure:18967: checking whether AVX2 is supported by the processor
configure:18981: result: yes
configure:18985: checking whether AVX2 is supported by the processor and OS
configure:18999: result: yes
configure:19004: checking whether C++ compiler accepts -mavx2
configure:19024: g++ -std=c++11 -c  -O3 -march=native -Wp,-U_FORTIFY_SOURCE -O3 -march=native -Wp,-U_FORTIFY_SOURCE  -mavx2  conftest.cpp >&5
configure:19024: $? = 0
configure:19034: result: yes
configure:18967: checking whether AVX512-F is supported by the processor
configure:18981: result: no
configure:18967: checking whether AVX512-CD is supported by the processor
configure:18981: result: no
configure:18967: checking whether AVX512-PF is supported by the processor
configure:18981: result: no
configure:18967: checking whether AVX512-ER is supported by the processor
configure:18981: result: no
configure:18967: checking whether AVX512-VL is supported by the processor
configure:18981: result: no
configure:18967: checking whether AVX512-BW is supported by the processor
configure:18981: result: no
configure:18967: checking whether AVX512-DQ is supported by the processor
configure:18981: result: no
configure:18967: checking whether AVX512-IFMA is supported by the processor
configure:18981: result: no
configure:18967: checking whether AVX512-VBMI is supported by the processor
configure:18981: result: no
configure:19350: checking that generated files are newer than configure
configure:19356: result: done
configure:19383: creating ./config.status

## ---------------------- ##
## Running config.status. ##
## ---------------------- ##

This file was extended by g6k-kernel config.status 0.1.2, which was
generated by GNU Autoconf 2.71.  Invocation command line was

  CONFIG_FILES    = 
  CONFIG_HEADERS  = 
  CONFIG_LINKS    = 
  CONFIG_COMMANDS = 
  $ ./config.status 

on cqx

config.status:1186: creating Makefile
config.status:1186: creating kernel/Makefile
config.status:1186: creating g6k.pc
config.status:1186: creating kernel/g6k_config.h
config.status:1415: executing depfiles commands
config.status:1492: cd kernel       && sed -e '/# am--include-marker/d' Makefile         | make -f - am--depfiles
config.status:1497: $? = 0
config.status:1415: executing libtool commands

## ---------------- ##
## Cache variables. ##
## ---------------- ##

ac_cv_build=x86_64-pc-linux-gnu
ac_cv_c_compiler_gnu=yes
ac_cv_cxx_compiler_gnu=yes
ac_cv_env_CCC_set=
ac_cv_env_CCC_value=
ac_cv_env_CC_set=
ac_cv_env_CC_value=
ac_cv_env_CFLAGS_set=set
ac_cv_env_CFLAGS_value=' -O3 -march=native -Wp,-U_FORTIFY_SOURCE -O3 -march=native -Wp,-U_FORTIFY_SOURCE'
ac_cv_env_CPPFLAGS_set=
ac_cv_env_CPPFLAGS_value=
ac_cv_env_CPP_set=
ac_cv_env_CPP_value=
ac_cv_env_CXXCPP_set=
ac_cv_env_CXXCPP_value=
ac_cv_env_CXXFLAGS_set=set
ac_cv_env_CXXFLAGS_value=' -O3 -march=native -Wp,-U_FORTIFY_SOURCE -O3 -march=native -Wp,-U_FORTIFY_SOURCE'
ac_cv_env_CXX_set=
ac_cv_env_CXX_value=
ac_cv_env_LDFLAGS_set=
ac_cv_env_LDFLAGS_value=
ac_cv_env_LIBS_set=
ac_cv_env_LIBS_value=
ac_cv_env_LT_SYS_LIBRARY_PATH_set=
ac_cv_env_LT_SYS_LIBRARY_PATH_value=
ac_cv_env_build_alias_set=
ac_cv_env_build_alias_value=
ac_cv_env_host_alias_set=
ac_cv_env_host_alias_value=
ac_cv_env_target_alias_set=
ac_cv_env_target_alias_value=
ac_cv_header_dlfcn_h=yes
ac_cv_header_inttypes_h=yes
ac_cv_header_stdint_h=yes
ac_cv_header_stdio_h=yes
ac_cv_header_stdlib_h=yes
ac_cv_header_string_h=yes
ac_cv_header_strings_h=yes
ac_cv_header_sys_stat_h=yes
ac_cv_header_sys_types_h=yes
ac_cv_header_unistd_h=yes
ac_cv_host=x86_64-pc-linux-gnu
ac_cv_objext=o
ac_cv_path_EGREP='/usr/bin/grep -E'
ac_cv_path_FGREP='/usr/bin/grep -F'
ac_cv_path_GREP=/usr/bin/grep
ac_cv_path_SED=/usr/bin/sed
ac_cv_path_install='/usr/bin/install -c'
ac_cv_path_lt_DD=/usr/bin/dd
ac_cv_path_mkdir=/usr/bin/mkdir
ac_cv_prog_AWK=gawk
ac_cv_prog_CPP='gcc -E'
ac_cv_prog_CXXCPP='g++ -E'
ac_cv_prog_ac_ct_AR=ar
ac_cv_prog_ac_ct_CC=gcc
ac_cv_prog_ac_ct_CXX=g++
ac_cv_prog_ac_ct_MANIFEST_TOOL=mt
ac_cv_prog_ac_ct_OBJDUMP=objdump
ac_cv_prog_ac_ct_RANLIB=ranlib
ac_cv_prog_ac_ct_STRIP=strip
ac_cv_prog_cc_c11=
ac_cv_prog_cc_g=yes
ac_cv_prog_cc_stdc=
ac_cv_prog_cxx_11=no
ac_cv_prog_cxx_cxx11=
ac_cv_prog_cxx_g=yes
ac_cv_prog_cxx_stdcxx=
ac_cv_prog_make_make_set=yes
am_cv_CC_dependencies_compiler_type=gcc3
am_cv_CXX_dependencies_compiler_type=gcc3
am_cv_make_support_nested_variables=yes
am_cv_prog_cc_c_o=yes
ax_cv_PTHREAD_CLANG=no
ax_cv_PTHREAD_JOINABLE_ATTR=PTHREAD_CREATE_JOINABLE
ax_cv_PTHREAD_PRIO_INHERIT=yes
ax_cv_PTHREAD_SPECIAL_FLAGS=no
ax_cv_check_cxxflags___mabm=yes
ax_cv_check_cxxflags___madx=yes
ax_cv_check_cxxflags___maes=yes
ax_cv_check_cxxflags___march_native=yes
ax_cv_check_cxxflags___mavx2=yes
ax_cv_check_cxxflags___mavx=yes
ax_cv_check_cxxflags___mbmi2=yes
ax_cv_check_cxxflags___mbmi=yes
ax_cv_check_cxxflags___mfma=yes
ax_cv_check_cxxflags___mmmx=yes
ax_cv_check_cxxflags___mrdrnd=yes
ax_cv_check_cxxflags___msse2=yes
ax_cv_check_cxxflags___msse3=yes
ax_cv_check_cxxflags___msse4_1=yes
ax_cv_check_cxxflags___msse4_2=yes
ax_cv_check_cxxflags___msse=yes
ax_cv_check_cxxflags___mssse3=yes
ax_cv_cxx_compile_cxx11__std_cpp11=yes
ax_cv_gcc_x86_avx_xgetbv_0x00000000=7:0
ax_cv_gcc_x86_avx_xgetbv_=unknown
ax_cv_gcc_x86_cpuid_0x00000000=15:756e6547:6c65746e:49656e69
ax_cv_gcc_x86_cpuid_0x00000001=806e9:3040800:feda3203:1f8bfbff
ax_cv_gcc_x86_cpuid_0x00000007=0:9c27a9:0:bc000000
ax_cv_gcc_x86_cpuid_0x80000000=80000008:0:0:0
ax_cv_gcc_x86_cpuid_0x80000001=0:0:121:2c100800
ax_cv_gcc_x86_cpuid_=unknown
ax_cv_have_abm_cpu_ext=yes
ax_cv_have_abm_ext=yes
ax_cv_have_adx_cpu_ext=yes
ax_cv_have_adx_ext=yes
ax_cv_have_aes_cpu_ext=yes
ax_cv_have_aes_ext=yes
ax_cv_have_avx2_cpu_ext=yes
ax_cv_have_avx2_ext=yes
ax_cv_have_avx512_os_support_ext=no
ax_cv_have_avx512bw_cpu_ext=no
ax_cv_have_avx512bw_ext=no
ax_cv_have_avx512cd_cpu_ext=no
ax_cv_have_avx512cd_ext=no
ax_cv_have_avx512dq_cpu_ext=no
ax_cv_have_avx512dq_ext=no
ax_cv_have_avx512er_cpu_ext=no
ax_cv_have_avx512er_ext=no
ax_cv_have_avx512f_cpu_ext=no
ax_cv_have_avx512f_ext=no
ax_cv_have_avx512ifma_cpu_ext=no
ax_cv_have_avx512ifma_ext=no
ax_cv_have_avx512pf_cpu_ext=no
ax_cv_have_avx512pf_ext=no
ax_cv_have_avx512vbmi_cpu_ext=no
ax_cv_have_avx512vbmi_ext=no
ax_cv_have_avx512vl_cpu_ext=no
ax_cv_have_avx512vl_ext=no
ax_cv_have_avx_cpu_ext=yes
ax_cv_have_avx_ext=yes
ax_cv_have_avx_os_support_ext=yes
ax_cv_have_bmi1_cpu_ext=yes
ax_cv_have_bmi1_ext=yes
ax_cv_have_bmi2_cpu_ext=yes
ax_cv_have_bmi2_ext=yes
ax_cv_have_fma3_cpu_ext=yes
ax_cv_have_fma3_ext=yes
ax_cv_have_fma4_cpu_ext=no
ax_cv_have_fma4_ext=no
ax_cv_have_mmx_cpu_ext=yes
ax_cv_have_mmx_ext=yes
ax_cv_have_mmx_os_support_ext=yes
ax_cv_have_mpx_cpu_ext=no
ax_cv_have_mpx_ext=no
ax_cv_have_none_os_support_ext=yes
ax_cv_have_prefetchwt1_cpu_ext=no
ax_cv_have_prefetchwt1_ext=no
ax_cv_have_rdrnd_cpu_ext=yes
ax_cv_have_rdrnd_ext=yes
ax_cv_have_sha_cpu_ext=no
ax_cv_have_sha_ext=no
ax_cv_have_sse2_cpu_ext=yes
ax_cv_have_sse2_ext=yes
ax_cv_have_sse3_cpu_ext=yes
ax_cv_have_sse3_ext=yes
ax_cv_have_sse41_cpu_ext=yes
ax_cv_have_sse41_ext=yes
ax_cv_have_sse42_cpu_ext=yes
ax_cv_have_sse42_ext=yes
ax_cv_have_sse4a_cpu_ext=no
ax_cv_have_sse4a_ext=no
ax_cv_have_sse_cpu_ext=yes
ax_cv_have_sse_ext=yes
ax_cv_have_sse_os_support_ext=yes
ax_cv_have_ssse3_cpu_ext=yes
ax_cv_have_ssse3_ext=yes
ax_cv_have_xop_cpu_ext=no
ax_cv_have_xop_ext=no
ax_cv_support_abm_ext=yes
ax_cv_support_adx_ext=yes
ax_cv_support_aes_ext=yes
ax_cv_support_avx2_ext=yes
ax_cv_support_avx512bw_ext=no
ax_cv_support_avx512cd_ext=no
ax_cv_support_avx512dq_ext=no
ax_cv_support_avx512er_ext=no
ax_cv_support_avx512f_ext=no
ax_cv_support_avx512ifma_ext=no
ax_cv_support_avx512pf_ext=no
ax_cv_support_avx512vbmi_ext=no
ax_cv_support_avx512vl_ext=no
ax_cv_support_avx_ext=yes
ax_cv_support_bmi1_ext=yes
ax_cv_support_bmi2_ext=yes
ax_cv_support_fma3_ext=yes
ax_cv_support_fma4_ext=no
ax_cv_support_mmx_ext=yes
ax_cv_support_mpx_ext=no
ax_cv_support_prefetchwt1_ext=no
ax_cv_support_rdrnd_ext=yes
ax_cv_support_sha_ext=no
ax_cv_support_sse2_ext=yes
ax_cv_support_sse3_ext=yes
ax_cv_support_sse41_ext=yes
ax_cv_support_sse42_ext=yes
ax_cv_support_sse4a_ext=no
ax_cv_support_sse_ext=yes
ax_cv_support_ssse3_ext=yes
ax_cv_support_xop_ext=no
lt_cv_ar_at_file=@
lt_cv_archive_cmds_need_lc=no
lt_cv_deplibs_check_method=pass_all
lt_cv_file_magic_cmd='$MAGIC_CMD'
lt_cv_file_magic_test_file=
lt_cv_ld_reload_flag=-r
lt_cv_nm_interface='BSD nm'
lt_cv_objdir=.libs
lt_cv_path_LD=/usr/bin/ld
lt_cv_path_LDCXX='/usr/bin/ld -m elf_x86_64'
lt_cv_path_NM='/usr/bin/nm -B'
lt_cv_path_mainfest_tool=no
lt_cv_prog_compiler_c_o=yes
lt_cv_prog_compiler_c_o_CXX=yes
lt_cv_prog_compiler_pic='-fPIC -DPIC'
lt_cv_prog_compiler_pic_CXX='-fPIC -DPIC'
lt_cv_prog_compiler_pic_works=yes
lt_cv_prog_compiler_pic_works_CXX=yes
lt_cv_prog_compiler_rtti_exceptions=no
lt_cv_prog_compiler_static_works=yes
lt_cv_prog_compiler_static_works_CXX=yes
lt_cv_prog_gnu_ld=yes
lt_cv_prog_gnu_ldcxx=yes
lt_cv_sharedlib_from_linklib_cmd='printf %s\n'
lt_cv_shlibpath_overrides_runpath=yes
lt_cv_sys_global_symbol_pipe='sed -n -e '\''s/^.*[	 ]\([ABCDGIRSTW][ABCDGIRSTW]*\)[	 ][	 ]*\([_A-Za-z][_A-Za-z0-9]*\)$/\1 \2 \2/p'\'' | sed '\''/ __gnu_lto/d'\'''
lt_cv_sys_global_symbol_to_c_name_address='sed -n -e '\''s/^: \(.*\) .*$/  {"\1", (void *) 0},/p'\'' -e '\''s/^[ABCDGIRSTW][ABCDGIRSTW]* .* \(.*\)$/  {"\1", (void *) \&\1},/p'\'''
lt_cv_sys_global_symbol_to_c_name_address_lib_prefix='sed -n -e '\''s/^: \(.*\) .*$/  {"\1", (void *) 0},/p'\'' -e '\''s/^[ABCDGIRSTW][ABCDGIRSTW]* .* \(lib.*\)$/  {"\1", (void *) \&\1},/p'\'' -e '\''s/^[ABCDGIRSTW][ABCDGIRSTW]* .* \(.*\)$/  {"lib\1", (void *) \&\1},/p'\'''
lt_cv_sys_global_symbol_to_cdecl='sed -n -e '\''s/^T .* \(.*\)$/extern int \1();/p'\'' -e '\''s/^[ABCDGIRSTW][ABCDGIRSTW]* .* \(.*\)$/extern char \1;/p'\'''
lt_cv_sys_global_symbol_to_import=
lt_cv_sys_max_cmd_len=1572864
lt_cv_to_host_file_cmd=func_convert_file_noop
lt_cv_to_tool_file_cmd=func_convert_file_noop
lt_cv_truncate_bin='/usr/bin/dd bs=4096 count=1'

## ----------------- ##
## Output variables. ##
## ----------------- ##

ACLOCAL='${SHELL} '\''/mnt/d/Desktop/g6k/missing'\'' aclocal-1.16'
AMDEPBACKSLASH='\'
AMDEP_FALSE='#'
AMDEP_TRUE=''
AMTAR='$${TAR-tar}'
AM_BACKSLASH='\'
AM_DEFAULT_V='$(AM_DEFAULT_VERBOSITY)'
AM_DEFAULT_VERBOSITY='0'
AM_V='$(V)'
AR='ar'
AUTOCONF='${SHELL} '\''/mnt/d/Desktop/g6k/missing'\'' autoconf'
AUTOHEADER='${SHELL} '\''/mnt/d/Desktop/g6k/missing'\'' autoheader'
AUTOMAKE='${SHELL} '\''/mnt/d/Desktop/g6k/missing'\'' automake-1.16'
AWK='gawk'
CC='gcc'
CCDEPMODE='depmode=gcc3'
CFLAGS=' -O3 -march=native -Wp,-U_FORTIFY_SOURCE -O3 -march=native -Wp,-U_FORTIFY_SOURCE'
CPP='gcc -E'
CPPFLAGS=''
CPUEXT_FLAGS=' -mrdrnd -mbmi -mbmi2 -madx -mabm'
CSCOPE='cscope'
CTAGS='ctags'
CXX='g++ -std=c++11'
CXXCPP='g++ -E -std=c++11'
CXXDEPMODE='depmode=gcc3'
CXXFLAGS=' -O3 -march=native -Wp,-U_FORTIFY_SOURCE -O3 -march=native -Wp,-U_FORTIFY_SOURCE  -mmmx -msse -msse2 -msse3 -mssse3 -msse4.1 -msse4.2 -maes -mavx -mfma -mavx2'
CYGPATH_W='echo'
DEFS='-DHAVE_CONFIG_H'
DEPDIR='.deps'
DLLTOOL='false'
DSYMUTIL=''
DUMPBIN=''
ECHO_C=''
ECHO_N='-n'
ECHO_T=''
EGREP='/usr/bin/grep -E'
ETAGS='etags'
EXEEXT=''
FGREP='/usr/bin/grep -F'
G6K_LT_AGE='0'
G6K_LT_CURRENT='1'
G6K_LT_REVISION='1'
GREP='/usr/bin/grep'
HAVE_CXX11='1'
INSTALL_DATA='${INSTALL} -m 644'
INSTALL_PROGRAM='${INSTALL}'
INSTALL_SCRIPT='${INSTALL}'
INSTALL_STRIP_PROGRAM='$(install_sh) -c -s'
LD='/usr/bin/ld -m elf_x86_64'
LDFLAGS=''
LIBOBJS=''
LIBS=''
LIBTOOL='$(SHELL) $(top_builddir)/libtool'
LIPO=''
LN_S='ln -s'
LTLIBOBJS=''
LT_SYS_LIBRARY_PATH=''
MAINT=''
MAINTAINER_MODE_FALSE='#'
MAINTAINER_MODE_TRUE=''
MAKEINFO='${SHELL} '\''/mnt/d/Desktop/g6k/missing'\'' makeinfo'
MANIFEST_TOOL=':'
MKDIR_P='/usr/bin/mkdir -p'
NM='/usr/bin/nm -B'
NMEDIT=''
OBJDUMP='objdump'
OBJEXT='o'
OTOOL64=''
OTOOL=''
PACKAGE='g6k-kernel'
PACKAGE_BUGREPORT=''
PACKAGE_NAME='g6k-kernel'
PACKAGE_STRING='g6k-kernel 0.1.2'
PACKAGE_TARNAME='g6k-kernel'
PACKAGE_URL=''
PACKAGE_VERSION='0.1.2'
PATH_SEPARATOR=':'
PTHREAD_CC='gcc'
PTHREAD_CFLAGS='-pthread'
PTHREAD_LIBS='-lpthread'
RANLIB='ranlib'
SED='/usr/bin/sed'
SET_MAKE=''
SHELL='/bin/bash'
SIMD_FLAGS=' -mmmx -msse -msse2 -msse3 -mssse3 -msse4.1 -msse4.2 -maes -mavx -mfma -mavx2'
STRIP='strip'
VERSION='0.1.2'
ac_ct_AR='ar'
ac_ct_CC='gcc'
ac_ct_CXX='g++'
ac_ct_DUMPBIN=''
am__EXEEXT_FALSE=''
am__EXEEXT_TRUE='#'
am__fastdepCC_FALSE='#'
am__fastdepCC_TRUE=''
am__fastdepCXX_FALSE='#'
am__fastdepCXX_TRUE=''
am__include='include'
am__isrc=''
am__leading_dot='.'
am__nodep='_no'
am__quote=''
am__tar='$${TAR-tar} chof - "$$tardir"'
am__untar='$${TAR-tar} xf -'
ax_pthread_config=''
bindir='${exec_prefix}/bin'
build='x86_64-pc-linux-gnu'
build_alias=''
build_cpu='x86_64'
build_os='linux-gnu'
build_vendor='pc'
datadir='${datarootdir}'
datarootdir='${prefix}/share'
docdir='${datarootdir}/doc/${PACKAGE_TARNAME}'
dvidir='${docdir}'
exec_prefix='${prefix}'
host='x86_64-pc-linux-gnu'
host_alias=''
host_cpu='x86_64'
host_os='linux-gnu'
host_vendor='pc'
htmldir='${docdir}'
includedir='${prefix}/include'
infodir='${datarootdir}/info'
install_sh='${SHELL} /mnt/d/Desktop/g6k/install-sh'
libdir='${exec_prefix}/lib'
libexecdir='${exec_prefix}/libexec'
localedir='${datarootdir}/locale'
localstatedir='${prefix}/var'
mandir='${datarootdir}/man'
mkdir_p='$(MKDIR_P)'
oldincludedir='/usr/include'
pdfdir='${docdir}'
prefix='/usr/local'
program_transform_name='s,x,x,'
psdir='${docdir}'
runstatedir='${localstatedir}/run'
sbindir='${exec_prefix}/sbin'
sharedstatedir='${prefix}/com'
sysconfdir='${prefix}/etc'
target_alias=''

## ----------- ##
## confdefs.h. ##
## ----------- ##

/* confdefs.h */
#define PACKAGE_NAME "g6k-kernel"
#define PACKAGE_TARNAME "g6k-kernel"
#define PACKAGE_VERSION "0.1.2"
#define PACKAGE_STRING "g6k-kernel 0.1.2"
#define PACKAGE_BUGREPORT ""
#define PACKAGE_URL ""
#define PACKAGE "g6k-kernel"
#define VERSION "0.1.2"
#define G6K_MAJOR_VERSION 0
#define G6K_MINOR_VERSION 1
#define G6K_MICRO_VERSION 2
#define G6K_VERSION 0.1.2
#define G6K_VERSION_INFO 
#define HAVE_STDIO_H 1
#define HAVE_STDLIB_H 1
#define HAVE_STRING_H 1
#define HAVE_INTTYPES_H 1
#define HAVE_STDINT_H 1
#define HAVE_STRINGS_H 1
#define HAVE_SYS_STAT_H 1
#define HAVE_SYS_TYPES_H 1
#define HAVE_UNISTD_H 1
#define STDC_HEADERS 1
#define HAVE_DLFCN_H 1
#define LT_OBJDIR ".libs/"
#define HAVE_CXX11 1
#define HAVE_PTHREAD_PRIO_INHERIT 1
#define HAVE_PTHREAD 1
#define HAVE_RDRND 1
#define HAVE_BMI1 1
#define HAVE_BMI2 1
#define HAVE_ADX 1
#define HAVE_ABM 1
#define HAVE_MMX 1
#define HAVE_SSE 1
#define HAVE_SSE2 1
#define HAVE_SSE3 1
#define HAVE_SSSE3 1
#define HAVE_SSE4_1 1
#define HAVE_SSE4_2 1
#define HAVE_AES 1
#define HAVE_AVX 1
#define HAVE_FMA3 1
#define HAVE_AVX2 1
#define MAX_SIEVING_DIM 128
#define XPC_BUCKET_THRESHOLD 102
#define XPC_THRESHOLD 96

configure: exit 0
